<?xml version="1.0" encoding="UTF-8"?>
<testng-results skipped="0" failed="0" ignored="0" total="1" passed="1">
  <reporter-output>
  </reporter-output>
  <suite name="Suite1" duration-ms="15494" started-at="2020-10-20T03:22:47Z" finished-at="2020-10-20T03:23:03Z">
    <groups>
      <group name="cucumber">
        <method signature="AbstractTestNGCucumberTests.feature(cucumber.api.testng.CucumberFeatureWrapper)[pri:0, instance:com.testrunner.TestRunner@45dd4eda]" name="feature" class="cucumber.api.testng.AbstractTestNGCucumberTests"/>
      </group> <!-- cucumber -->
    </groups>
    <test name="Nopackage" duration-ms="15494" started-at="2020-10-20T03:22:47Z" finished-at="2020-10-20T03:23:03Z">
      <class name="com.testrunner.TestRunner">
        <test-method status="PASS" signature="setUpClass()[pri:0, instance:com.testrunner.TestRunner@45dd4eda]" name="setUpClass" is-config="true" duration-ms="163" started-at="2020-10-20T03:22:47Z" finished-at="2020-10-20T03:22:48Z">
          <reporter-output>
          </reporter-output>
        </test-method> <!-- setUpClass -->
        <test-method status="PASS" signature="feature(cucumber.api.testng.CucumberFeatureWrapper)[pri:0, instance:com.testrunner.TestRunner@45dd4eda]" name="feature" duration-ms="15264" started-at="2020-10-20T03:22:48Z" description="Runs Cucumber Feature" data-provider="features" finished-at="2020-10-20T03:23:03Z">
          <params>
            <param index="0">
              <value>
                <![CDATA[User is able to search product using keyword]]>
              </value>
            </param>
          </params>
          <reporter-output>
          </reporter-output>
        </test-method> <!-- feature -->
        <test-method status="PASS" signature="tearDownClass()[pri:0, instance:com.testrunner.TestRunner@45dd4eda]" name="tearDownClass" is-config="true" duration-ms="1" started-at="2020-10-20T03:23:03Z" finished-at="2020-10-20T03:23:03Z">
          <reporter-output>
          </reporter-output>
        </test-method> <!-- tearDownClass -->
      </class> <!-- com.testrunner.TestRunner -->
    </test> <!-- Nopackage -->
  </suite> <!-- Suite1 -->
</testng-results>
